Determining if the pthread_create exist failed with the following output:
Change Dir: /home/anseongje/stauto_ws/build/CMakeFiles/CMakeTmp

Run Build Command:"/usr/bin/make" "cmTC_d6218/fast"
/usr/bin/make -f CMakeFiles/cmTC_d6218.dir/build.make CMakeFiles/cmTC_d6218.dir/build
make[1]: Entering directory '/home/anseongje/stauto_ws/build/CMakeFiles/CMakeTmp'
Building C object CMakeFiles/cmTC_d6218.dir/CheckSymbolExists.c.o
/usr/bin/cc     -o CMakeFiles/cmTC_d6218.dir/CheckSymbolExists.c.o   -c /home/anseongje/stauto_ws/build/CMakeFiles/CMakeTmp/CheckSymbolExists.c
Linking C executable cmTC_d6218
/usr/bin/cmake -E cmake_link_script CMakeFiles/cmTC_d6218.dir/link.txt --verbose=1
/usr/bin/cc       CMakeFiles/cmTC_d6218.dir/CheckSymbolExists.c.o  -o cmTC_d6218 -rdynamic 
CMakeFiles/cmTC_d6218.dir/CheckSymbolExists.c.o: In function `main':
CheckSymbolExists.c:(.text+0xa): undefined reference to `pthread_create'
collect2: error: ld returned 1 exit status
CMakeFiles/cmTC_d6218.dir/build.make:97: recipe for target 'cmTC_d6218' failed
make[1]: *** [cmTC_d6218] Error 1
make[1]: Leaving directory '/home/anseongje/stauto_ws/build/CMakeFiles/CMakeTmp'
Makefile:126: recipe for target 'cmTC_d6218/fast' failed
make: *** [cmTC_d6218/fast] Error 2

File /home/anseongje/stauto_ws/build/CMakeFiles/CMakeTmp/CheckSymbolExists.c:
/* */
#include <pthread.h>

int main(int argc, char** argv)
{
  (void)argv;
#ifndef pthread_create
  return ((int*)(&pthread_create))[argc];
#else
  (void)argc;
  return 0;
#endif
}

Determining if the function pthread_create exists in the pthreads failed with the following output:
Change Dir: /home/anseongje/stauto_ws/build/CMakeFiles/CMakeTmp

Run Build Command:"/usr/bin/make" "cmTC_90d3b/fast"
/usr/bin/make -f CMakeFiles/cmTC_90d3b.dir/build.make CMakeFiles/cmTC_90d3b.dir/build
make[1]: Entering directory '/home/anseongje/stauto_ws/build/CMakeFiles/CMakeTmp'
Building C object CMakeFiles/cmTC_90d3b.dir/CheckFunctionExists.c.o
/usr/bin/cc    -DCHECK_FUNCTION_EXISTS=pthread_create   -o CMakeFiles/cmTC_90d3b.dir/CheckFunctionExists.c.o   -c /usr/share/cmake-3.5/Modules/CheckFunctionExists.c
Linking C executable cmTC_90d3b
/usr/bin/cmake -E cmake_link_script CMakeFiles/cmTC_90d3b.dir/link.txt --verbose=1
/usr/bin/cc   -DCHECK_FUNCTION_EXISTS=pthread_create    CMakeFiles/cmTC_90d3b.dir/CheckFunctionExists.c.o  -o cmTC_90d3b -rdynamic -lpthreads 
/usr/bin/ld: cannot find -lpthreads
collect2: error: ld returned 1 exit status
CMakeFiles/cmTC_90d3b.dir/build.make:97: recipe for target 'cmTC_90d3b' failed
make[1]: *** [cmTC_90d3b] Error 1
make[1]: Leaving directory '/home/anseongje/stauto_ws/build/CMakeFiles/CMakeTmp'
Makefile:126: recipe for target 'cmTC_90d3b/fast' failed
make: *** [cmTC_90d3b/fast] Error 2


